2024-04-24 17:50:23,065 [main] INFO  o.s.t.c.s.AnnotationConfigContextLoaderUtils       - Could not detect default configuration classes for test class [com.Rest.API.RestApiApplicationTests]: RestApiApplicationTests does not declare any static, non-private, non-final, nested classes annotated with @Configuration.
2024-04-24 17:50:23,274 [main] INFO  o.s.b.t.c.SpringBootTestContextBootstrapper        - Found @SpringBootConfiguration com.Rest.API.RestApiApplication for test class com.Rest.API.RestApiApplicationTests
2024-04-24 17:50:23,813 [main] INFO  com.Rest.API.RestApiApplicationTests               - Starting RestApiApplicationTests using Java 21.0.2 with PID 1904 (started by Admin in D:\Dhivyaaaaa\RestApi\Spring-Boot-Rest-API)
2024-04-24 17:50:23,813 [main] DEBUG com.Rest.API.RestApiApplicationTests               - Running with Spring Boot v3.2.4, Spring v6.1.5
2024-04-24 17:50:23,814 [main] INFO  com.Rest.API.RestApiApplicationTests               - No active profile set, falling back to 1 default profile: "default"
2024-04-24 17:50:24,787 [main] INFO  o.s.d.r.c.RepositoryConfigurationDelegate          - Bootstrapping Spring Data JPA repositories in DEFAULT mode.
2024-04-24 17:50:24,880 [main] INFO  o.s.d.r.c.RepositoryConfigurationDelegate          - Finished Spring Data repository scanning in 79 ms. Found 3 JPA repository interfaces.
2024-04-24 17:50:25,532 [main] INFO  o.hibernate.jpa.internal.util.LogHelper            - HHH000204: Processing PersistenceUnitInfo [name: default]
2024-04-24 17:50:25,644 [main] INFO  org.hibernate.Version                              - HHH000412: Hibernate ORM core version 6.4.4.Final
2024-04-24 17:50:25,695 [main] INFO  o.h.c.internal.RegionFactoryInitiator              - HHH000026: Second-level cache disabled
2024-04-24 17:50:25,844 [main] DEBUG org.hibernate.type.BasicTypeRegistry               - Adding type registration boolean -> org.hibernate.type.BasicTypeReference@3af10d0b
2024-04-24 17:50:25,844 [main] DEBUG org.hibernate.type.BasicTypeRegistry               - Adding type registration boolean -> org.hibernate.type.BasicTypeReference@3af10d0b
2024-04-24 17:50:25,844 [main] DEBUG org.hibernate.type.BasicTypeRegistry               - Adding type registration java.lang.Boolean -> org.hibernate.type.BasicTypeReference@3af10d0b
2024-04-24 17:50:25,844 [main] DEBUG org.hibernate.type.BasicTypeRegistry               - Adding type registration numeric_boolean -> org.hibernate.type.BasicTypeReference@6806468e
2024-04-24 17:50:25,844 [main] DEBUG org.hibernate.type.BasicTypeRegistry               - Adding type registration org.hibernate.type.NumericBooleanConverter -> org.hibernate.type.BasicTypeReference@6806468e
2024-04-24 17:50:25,845 [main] DEBUG org.hibernate.type.BasicTypeRegistry               - Adding type registration true_false -> org.hibernate.type.BasicTypeReference@3c7b137a
2024-04-24 17:50:25,845 [main] DEBUG org.hibernate.type.BasicTypeRegistry               - Adding type registration org.hibernate.type.TrueFalseConverter -> org.hibernate.type.BasicTypeReference@3c7b137a
2024-04-24 17:50:25,845 [main] DEBUG org.hibernate.type.BasicTypeRegistry               - Adding type registration yes_no -> org.hibernate.type.BasicTypeReference@68631b1d
2024-04-24 17:50:25,845 [main] DEBUG org.hibernate.type.BasicTypeRegistry               - Adding type registration org.hibernate.type.YesNoConverter -> org.hibernate.type.BasicTypeReference@68631b1d
2024-04-24 17:50:25,845 [main] DEBUG org.hibernate.type.BasicTypeRegistry               - Adding type registration byte -> org.hibernate.type.BasicTypeReference@5a48da4f
2024-04-24 17:50:25,845 [main] DEBUG org.hibernate.type.BasicTypeRegistry               - Adding type registration byte -> org.hibernate.type.BasicTypeReference@5a48da4f
2024-04-24 17:50:25,845 [main] DEBUG org.hibernate.type.BasicTypeRegistry               - Adding type registration java.lang.Byte -> org.hibernate.type.BasicTypeReference@5a48da4f
2024-04-24 17:50:25,845 [main] DEBUG org.hibernate.type.BasicTypeRegistry               - Adding type registration binary -> org.hibernate.type.BasicTypeReference@a0c5be
2024-04-24 17:50:25,846 [main] DEBUG org.hibernate.type.BasicTypeRegistry               - Adding type registration byte[] -> org.hibernate.type.BasicTypeReference@a0c5be
2024-04-24 17:50:25,846 [main] DEBUG org.hibernate.type.BasicTypeRegistry               - Adding type registration [B -> org.hibernate.type.BasicTypeReference@a0c5be
2024-04-24 17:50:25,846 [main] DEBUG org.hibernate.type.BasicTypeRegistry               - Adding type registration binary_wrapper -> org.hibernate.type.BasicTypeReference@6424e613
2024-04-24 17:50:25,846 [main] DEBUG org.hibernate.type.BasicTypeRegistry               - Adding type registration wrapper-binary -> org.hibernate.type.BasicTypeReference@6424e613
2024-04-24 17:50:25,846 [main] DEBUG org.hibernate.type.BasicTypeRegistry               - Adding type registration image -> org.hibernate.type.BasicTypeReference@14efa279
2024-04-24 17:50:25,846 [main] DEBUG org.hibernate.type.BasicTypeRegistry               - Adding type registration blob -> org.hibernate.type.BasicTypeReference@8e99809
2024-04-24 17:50:25,847 [main] DEBUG org.hibernate.type.BasicTypeRegistry               - Adding type registration java.sql.Blob -> org.hibernate.type.BasicTypeReference@8e99809
2024-04-24 17:50:25,847 [main] DEBUG org.hibernate.type.BasicTypeRegistry               - Adding type registration materialized_blob -> org.hibernate.type.BasicTypeReference@e62319f
2024-04-24 17:50:25,847 [main] DEBUG org.hibernate.type.BasicTypeRegistry               - Adding type registration materialized_blob_wrapper -> org.hibernate.type.BasicTypeReference@4d354a3e
2024-04-24 17:50:25,847 [main] DEBUG org.hibernate.type.BasicTypeRegistry               - Adding type registration short -> org.hibernate.type.BasicTypeReference@24a0c58b
2024-04-24 17:50:25,847 [main] DEBUG org.hibernate.type.BasicTypeRegistry               - Adding type registration short -> org.hibernate.type.BasicTypeReference@24a0c58b
2024-04-24 17:50:25,847 [main] DEBUG org.hibernate.type.BasicTypeRegistry               - Adding type registration java.lang.Short -> org.hibernate.type.BasicTypeReference@24a0c58b
2024-04-24 17:50:25,847 [main] DEBUG org.hibernate.type.BasicTypeRegistry               - Adding type registration integer -> org.hibernate.type.BasicTypeReference@604d28c6
2024-04-24 17:50:25,847 [main] DEBUG org.hibernate.type.BasicTypeRegistry               - Adding type registration int -> org.hibernate.type.BasicTypeReference@604d28c6
2024-04-24 17:50:25,848 [main] DEBUG org.hibernate.type.BasicTypeRegistry               - Adding type registration java.lang.Integer -> org.hibernate.type.BasicTypeReference@604d28c6
2024-04-24 17:50:25,848 [main] DEBUG org.hibernate.type.BasicTypeRegistry               - Adding type registration long -> org.hibernate.type.BasicTypeReference@7f3c0399
2024-04-24 17:50:25,848 [main] DEBUG org.hibernate.type.BasicTypeRegistry               - Adding type registration long -> org.hibernate.type.BasicTypeReference@7f3c0399
2024-04-24 17:50:25,848 [main] DEBUG org.hibernate.type.BasicTypeRegistry               - Adding type registration java.lang.Long -> org.hibernate.type.BasicTypeReference@7f3c0399
2024-04-24 17:50:25,848 [main] DEBUG org.hibernate.type.BasicTypeRegistry               - Adding type registration float -> org.hibernate.type.BasicTypeReference@183fc2fa
2024-04-24 17:50:25,848 [main] DEBUG org.hibernate.type.BasicTypeRegistry               - Adding type registration float -> org.hibernate.type.BasicTypeReference@183fc2fa
2024-04-24 17:50:25,848 [main] DEBUG org.hibernate.type.BasicTypeRegistry               - Adding type registration java.lang.Float -> org.hibernate.type.BasicTypeReference@183fc2fa
2024-04-24 17:50:25,849 [main] DEBUG org.hibernate.type.BasicTypeRegistry               - Adding type registration double -> org.hibernate.type.BasicTypeReference@3a11c0eb
2024-04-24 17:50:25,849 [main] DEBUG org.hibernate.type.BasicTypeRegistry               - Adding type registration double -> org.hibernate.type.BasicTypeReference@3a11c0eb
2024-04-24 17:50:25,849 [main] DEBUG org.hibernate.type.BasicTypeRegistry               - Adding type registration java.lang.Double -> org.hibernate.type.BasicTypeReference@3a11c0eb
2024-04-24 17:50:25,849 [main] DEBUG org.hibernate.type.BasicTypeRegistry               - Adding type registration big_integer -> org.hibernate.type.BasicTypeReference@3313d477
2024-04-24 17:50:25,849 [main] DEBUG org.hibernate.type.BasicTypeRegistry               - Adding type registration java.math.BigInteger -> org.hibernate.type.BasicTypeReference@3313d477
2024-04-24 17:50:25,849 [main] DEBUG org.hibernate.type.BasicTypeRegistry               - Adding type registration big_decimal -> org.hibernate.type.BasicTypeReference@2c2c3947
2024-04-24 17:50:25,850 [main] DEBUG org.hibernate.type.BasicTypeRegistry               - Adding type registration java.math.BigDecimal -> org.hibernate.type.BasicTypeReference@2c2c3947
2024-04-24 17:50:25,850 [main] DEBUG org.hibernate.type.BasicTypeRegistry               - Adding type registration character -> org.hibernate.type.BasicTypeReference@4a62062a
2024-04-24 17:50:25,850 [main] DEBUG org.hibernate.type.BasicTypeRegistry               - Adding type registration char -> org.hibernate.type.BasicTypeReference@4a62062a
2024-04-24 17:50:25,850 [main] DEBUG org.hibernate.type.BasicTypeRegistry               - Adding type registration java.lang.Character -> org.hibernate.type.BasicTypeReference@4a62062a
2024-04-24 17:50:25,850 [main] DEBUG org.hibernate.type.BasicTypeRegistry               - Adding type registration character_nchar -> org.hibernate.type.BasicTypeReference@7ec08115
2024-04-24 17:50:25,850 [main] DEBUG org.hibernate.type.BasicTypeRegistry               - Adding type registration string -> org.hibernate.type.BasicTypeReference@53dd42d6
2024-04-24 17:50:25,850 [main] DEBUG org.hibernate.type.BasicTypeRegistry               - Adding type registration java.lang.String -> org.hibernate.type.BasicTypeReference@53dd42d6
2024-04-24 17:50:25,850 [main] DEBUG org.hibernate.type.BasicTypeRegistry               - Adding type registration nstring -> org.hibernate.type.BasicTypeReference@1e76afeb
2024-04-24 17:50:25,851 [main] DEBUG org.hibernate.type.BasicTypeRegistry               - Adding type registration characters -> org.hibernate.type.BasicTypeReference@447fa959
2024-04-24 17:50:25,851 [main] DEBUG org.hibernate.type.BasicTypeRegistry               - Adding type registration char[] -> org.hibernate.type.BasicTypeReference@447fa959
2024-04-24 17:50:25,851 [main] DEBUG org.hibernate.type.BasicTypeRegistry               - Adding type registration [C -> org.hibernate.type.BasicTypeReference@447fa959
2024-04-24 17:50:25,851 [main] DEBUG org.hibernate.type.BasicTypeRegistry               - Adding type registration wrapper-characters -> org.hibernate.type.BasicTypeReference@3e4d40ea
2024-04-24 17:50:25,851 [main] DEBUG org.hibernate.type.BasicTypeRegistry               - Adding type registration text -> org.hibernate.type.BasicTypeReference@73f6e07
2024-04-24 17:50:25,851 [main] DEBUG org.hibernate.type.BasicTypeRegistry               - Adding type registration ntext -> org.hibernate.type.BasicTypeReference@2c9d90fc
2024-04-24 17:50:25,851 [main] DEBUG org.hibernate.type.BasicTypeRegistry               - Adding type registration clob -> org.hibernate.type.BasicTypeReference@1511d157
2024-04-24 17:50:25,852 [main] DEBUG org.hibernate.type.BasicTypeRegistry               - Adding type registration java.sql.Clob -> org.hibernate.type.BasicTypeReference@1511d157
2024-04-24 17:50:25,852 [main] DEBUG org.hibernate.type.BasicTypeRegistry               - Adding type registration nclob -> org.hibernate.type.BasicTypeReference@418f890f
2024-04-24 17:50:25,852 [main] DEBUG org.hibernate.type.BasicTypeRegistry               - Adding type registration java.sql.NClob -> org.hibernate.type.BasicTypeReference@418f890f
2024-04-24 17:50:25,852 [main] DEBUG org.hibernate.type.BasicTypeRegistry               - Adding type registration materialized_clob -> org.hibernate.type.BasicTypeReference@3d3c886f
2024-04-24 17:50:25,852 [main] DEBUG org.hibernate.type.BasicTypeRegistry               - Adding type registration materialized_clob_char_array -> org.hibernate.type.BasicTypeReference@7d66e544
2024-04-24 17:50:25,852 [main] DEBUG org.hibernate.type.BasicTypeRegistry               - Adding type registration materialized_clob_character_array -> org.hibernate.type.BasicTypeReference@666618d6
2024-04-24 17:50:25,852 [main] DEBUG org.hibernate.type.BasicTypeRegistry               - Adding type registration materialized_nclob -> org.hibernate.type.BasicTypeReference@5b1c32e4
2024-04-24 17:50:25,852 [main] DEBUG org.hibernate.type.BasicTypeRegistry               - Adding type registration materialized_nclob_character_array -> org.hibernate.type.BasicTypeReference@2bab618
2024-04-24 17:50:25,852 [main] DEBUG org.hibernate.type.BasicTypeRegistry               - Adding type registration materialized_nclob_char_array -> org.hibernate.type.BasicTypeReference@48bc2fce
2024-04-24 17:50:25,853 [main] DEBUG org.hibernate.type.BasicTypeRegistry               - Adding type registration Duration -> org.hibernate.type.BasicTypeReference@1eca3ea7
2024-04-24 17:50:25,853 [main] DEBUG org.hibernate.type.BasicTypeRegistry               - Adding type registration java.time.Duration -> org.hibernate.type.BasicTypeReference@1eca3ea7
2024-04-24 17:50:25,853 [main] DEBUG org.hibernate.type.BasicTypeRegistry               - Adding type registration LocalDateTime -> org.hibernate.type.BasicTypeReference@24fba488
2024-04-24 17:50:25,853 [main] DEBUG org.hibernate.type.BasicTypeRegistry               - Adding type registration java.time.LocalDateTime -> org.hibernate.type.BasicTypeReference@24fba488
2024-04-24 17:50:25,853 [main] DEBUG org.hibernate.type.BasicTypeRegistry               - Adding type registration LocalDate -> org.hibernate.type.BasicTypeReference@73a6cc79
2024-04-24 17:50:25,853 [main] DEBUG org.hibernate.type.BasicTypeRegistry               - Adding type registration java.time.LocalDate -> org.hibernate.type.BasicTypeReference@73a6cc79
2024-04-24 17:50:25,853 [main] DEBUG org.hibernate.type.BasicTypeRegistry               - Adding type registration LocalTime -> org.hibernate.type.BasicTypeReference@5a4d4f9c
2024-04-24 17:50:25,853 [main] DEBUG org.hibernate.type.BasicTypeRegistry               - Adding type registration java.time.LocalTime -> org.hibernate.type.BasicTypeReference@5a4d4f9c
2024-04-24 17:50:25,854 [main] DEBUG org.hibernate.type.BasicTypeRegistry               - Adding type registration OffsetDateTime -> org.hibernate.type.BasicTypeReference@153d6d74
2024-04-24 17:50:25,854 [main] DEBUG org.hibernate.type.BasicTypeRegistry               - Adding type registration java.time.OffsetDateTime -> org.hibernate.type.BasicTypeReference@153d6d74
2024-04-24 17:50:25,854 [main] DEBUG org.hibernate.type.BasicTypeRegistry               - Adding type registration OffsetDateTimeWithTimezone -> org.hibernate.type.BasicTypeReference@6c9b44bf
2024-04-24 17:50:25,854 [main] DEBUG org.hibernate.type.BasicTypeRegistry               - Adding type registration OffsetDateTimeWithoutTimezone -> org.hibernate.type.BasicTypeReference@299b9851
2024-04-24 17:50:25,854 [main] DEBUG org.hibernate.type.BasicTypeRegistry               - Adding type registration OffsetTime -> org.hibernate.type.BasicTypeReference@191a0351
2024-04-24 17:50:25,854 [main] DEBUG org.hibernate.type.BasicTypeRegistry               - Adding type registration java.time.OffsetTime -> org.hibernate.type.BasicTypeReference@191a0351
2024-04-24 17:50:25,854 [main] DEBUG org.hibernate.type.BasicTypeRegistry               - Adding type registration OffsetTimeUtc -> org.hibernate.type.BasicTypeReference@67328bcb
2024-04-24 17:50:25,855 [main] DEBUG org.hibernate.type.BasicTypeRegistry               - Adding type registration OffsetTimeWithTimezone -> org.hibernate.type.BasicTypeReference@51ba952e
2024-04-24 17:50:25,855 [main] DEBUG org.hibernate.type.BasicTypeRegistry               - Adding type registration OffsetTimeWithoutTimezone -> org.hibernate.type.BasicTypeReference@2416c658
2024-04-24 17:50:25,855 [main] DEBUG org.hibernate.type.BasicTypeRegistry               - Adding type registration ZonedDateTime -> org.hibernate.type.BasicTypeReference@6d5f4900
2024-04-24 17:50:25,855 [main] DEBUG org.hibernate.type.BasicTypeRegistry               - Adding type registration java.time.ZonedDateTime -> org.hibernate.type.BasicTypeReference@6d5f4900
2024-04-24 17:50:25,855 [main] DEBUG org.hibernate.type.BasicTypeRegistry               - Adding type registration ZonedDateTimeWithTimezone -> org.hibernate.type.BasicTypeReference@1e40fbb3
2024-04-24 17:50:25,855 [main] DEBUG org.hibernate.type.BasicTypeRegistry               - Adding type registration ZonedDateTimeWithoutTimezone -> org.hibernate.type.BasicTypeReference@1b560eb0
2024-04-24 17:50:25,855 [main] DEBUG org.hibernate.type.BasicTypeRegistry               - Adding type registration date -> org.hibernate.type.BasicTypeReference@9e02f84
2024-04-24 17:50:25,856 [main] DEBUG org.hibernate.type.BasicTypeRegistry               - Adding type registration java.sql.Date -> org.hibernate.type.BasicTypeReference@9e02f84
2024-04-24 17:50:25,856 [main] DEBUG org.hibernate.type.BasicTypeRegistry               - Adding type registration time -> org.hibernate.type.BasicTypeReference@1e6060f1
2024-04-24 17:50:25,856 [main] DEBUG org.hibernate.type.BasicTypeRegistry               - Adding type registration java.sql.Time -> org.hibernate.type.BasicTypeReference@1e6060f1
2024-04-24 17:50:25,856 [main] DEBUG org.hibernate.type.BasicTypeRegistry               - Adding type registration timestamp -> org.hibernate.type.BasicTypeReference@7e49ded
2024-04-24 17:50:25,856 [main] DEBUG org.hibernate.type.BasicTypeRegistry               - Adding type registration java.sql.Timestamp -> org.hibernate.type.BasicTypeReference@7e49ded
2024-04-24 17:50:25,856 [main] DEBUG org.hibernate.type.BasicTypeRegistry               - Adding type registration java.util.Date -> org.hibernate.type.BasicTypeReference@7e49ded
2024-04-24 17:50:25,856 [main] DEBUG org.hibernate.type.BasicTypeRegistry               - Adding type registration calendar -> org.hibernate.type.BasicTypeReference@2c6c302f
2024-04-24 17:50:25,857 [main] DEBUG org.hibernate.type.BasicTypeRegistry               - Adding type registration java.util.Calendar -> org.hibernate.type.BasicTypeReference@2c6c302f
2024-04-24 17:50:25,857 [main] DEBUG org.hibernate.type.BasicTypeRegistry               - Adding type registration java.util.GregorianCalendar -> org.hibernate.type.BasicTypeReference@2c6c302f
2024-04-24 17:50:25,857 [main] DEBUG org.hibernate.type.BasicTypeRegistry               - Adding type registration calendar_date -> org.hibernate.type.BasicTypeReference@2478b629
2024-04-24 17:50:25,857 [main] DEBUG org.hibernate.type.BasicTypeRegistry               - Adding type registration calendar_time -> org.hibernate.type.BasicTypeReference@39023dbf
2024-04-24 17:50:25,857 [main] DEBUG org.hibernate.type.BasicTypeRegistry               - Adding type registration instant -> org.hibernate.type.BasicTypeReference@1a2ac487
2024-04-24 17:50:25,857 [main] DEBUG org.hibernate.type.BasicTypeRegistry               - Adding type registration java.time.Instant -> org.hibernate.type.BasicTypeReference@1a2ac487
2024-04-24 17:50:25,857 [main] DEBUG org.hibernate.type.BasicTypeRegistry               - Adding type registration uuid -> org.hibernate.type.BasicTypeReference@570a62a5
2024-04-24 17:50:25,857 [main] DEBUG org.hibernate.type.BasicTypeRegistry               - Adding type registration java.util.UUID -> org.hibernate.type.BasicTypeReference@570a62a5
2024-04-24 17:50:25,858 [main] DEBUG org.hibernate.type.BasicTypeRegistry               - Adding type registration pg-uuid -> org.hibernate.type.BasicTypeReference@570a62a5
2024-04-24 17:50:25,858 [main] DEBUG org.hibernate.type.BasicTypeRegistry               - Adding type registration uuid-binary -> org.hibernate.type.BasicTypeReference@36224f93
2024-04-24 17:50:25,858 [main] DEBUG org.hibernate.type.BasicTypeRegistry               - Adding type registration uuid-char -> org.hibernate.type.BasicTypeReference@1ee5632d
2024-04-24 17:50:25,858 [main] DEBUG org.hibernate.type.BasicTypeRegistry               - Adding type registration class -> org.hibernate.type.BasicTypeReference@52a7928a
2024-04-24 17:50:25,858 [main] DEBUG org.hibernate.type.BasicTypeRegistry               - Adding type registration java.lang.Class -> org.hibernate.type.BasicTypeReference@52a7928a
2024-04-24 17:50:25,858 [main] DEBUG org.hibernate.type.BasicTypeRegistry               - Adding type registration currency -> org.hibernate.type.BasicTypeReference@563ccd31
2024-04-24 17:50:25,858 [main] DEBUG org.hibernate.type.BasicTypeRegistry               - Adding type registration Currency -> org.hibernate.type.BasicTypeReference@563ccd31
2024-04-24 17:50:25,858 [main] DEBUG org.hibernate.type.BasicTypeRegistry               - Adding type registration java.util.Currency -> org.hibernate.type.BasicTypeReference@563ccd31
2024-04-24 17:50:25,858 [main] DEBUG org.hibernate.type.BasicTypeRegistry               - Adding type registration locale -> org.hibernate.type.BasicTypeReference@72465eb2
2024-04-24 17:50:25,859 [main] DEBUG org.hibernate.type.BasicTypeRegistry               - Adding type registration java.util.Locale -> org.hibernate.type.BasicTypeReference@72465eb2
2024-04-24 17:50:25,859 [main] DEBUG org.hibernate.type.BasicTypeRegistry               - Adding type registration serializable -> org.hibernate.type.BasicTypeReference@478fb7dc
2024-04-24 17:50:25,859 [main] DEBUG org.hibernate.type.BasicTypeRegistry               - Adding type registration java.io.Serializable -> org.hibernate.type.BasicTypeReference@478fb7dc
2024-04-24 17:50:25,859 [main] DEBUG org.hibernate.type.BasicTypeRegistry               - Adding type registration timezone -> org.hibernate.type.BasicTypeReference@29d25e65
2024-04-24 17:50:25,859 [main] DEBUG org.hibernate.type.BasicTypeRegistry               - Adding type registration java.util.TimeZone -> org.hibernate.type.BasicTypeReference@29d25e65
2024-04-24 17:50:25,859 [main] DEBUG org.hibernate.type.BasicTypeRegistry               - Adding type registration ZoneOffset -> org.hibernate.type.BasicTypeReference@19b75b2b
2024-04-24 17:50:25,859 [main] DEBUG org.hibernate.type.BasicTypeRegistry               - Adding type registration java.time.ZoneOffset -> org.hibernate.type.BasicTypeReference@19b75b2b
2024-04-24 17:50:25,859 [main] DEBUG org.hibernate.type.BasicTypeRegistry               - Adding type registration url -> org.hibernate.type.BasicTypeReference@59c43561
2024-04-24 17:50:25,859 [main] DEBUG org.hibernate.type.BasicTypeRegistry               - Adding type registration java.net.URL -> org.hibernate.type.BasicTypeReference@59c43561
2024-04-24 17:50:25,860 [main] DEBUG org.hibernate.type.BasicTypeRegistry               - Adding type registration vector -> org.hibernate.type.BasicTypeReference@634f58d2
2024-04-24 17:50:25,860 [main] DEBUG org.hibernate.type.BasicTypeRegistry               - Adding type registration row_version -> org.hibernate.type.BasicTypeReference@585513a8
2024-04-24 17:50:25,865 [main] DEBUG org.hibernate.type.BasicTypeRegistry               - Adding type registration object -> org.hibernate.type.JavaObjectType@22f02996
2024-04-24 17:50:25,866 [main] DEBUG org.hibernate.type.BasicTypeRegistry               - Adding type registration java.lang.Object -> org.hibernate.type.JavaObjectType@22f02996
2024-04-24 17:50:25,867 [main] DEBUG org.hibernate.type.BasicTypeRegistry               - Adding type registration null -> org.hibernate.type.NullType@463afa6e
2024-04-24 17:50:25,868 [main] DEBUG org.hibernate.type.BasicTypeRegistry               - Adding type registration imm_date -> org.hibernate.type.BasicTypeReference@7b96de8d
2024-04-24 17:50:25,868 [main] DEBUG org.hibernate.type.BasicTypeRegistry               - Adding type registration imm_time -> org.hibernate.type.BasicTypeReference@4dc52559
2024-04-24 17:50:25,868 [main] DEBUG org.hibernate.type.BasicTypeRegistry               - Adding type registration imm_timestamp -> org.hibernate.type.BasicTypeReference@5c3d4f05
2024-04-24 17:50:25,869 [main] DEBUG org.hibernate.type.BasicTypeRegistry               - Adding type registration imm_calendar -> org.hibernate.type.BasicTypeReference@119290b9
2024-04-24 17:50:25,869 [main] DEBUG org.hibernate.type.BasicTypeRegistry               - Adding type registration imm_calendar_date -> org.hibernate.type.BasicTypeReference@640d604
2024-04-24 17:50:25,869 [main] DEBUG org.hibernate.type.BasicTypeRegistry               - Adding type registration imm_calendar_time -> org.hibernate.type.BasicTypeReference@62cbc478
2024-04-24 17:50:25,869 [main] DEBUG org.hibernate.type.BasicTypeRegistry               - Adding type registration imm_binary -> org.hibernate.type.BasicTypeReference@5438fa43
2024-04-24 17:50:25,869 [main] DEBUG org.hibernate.type.BasicTypeRegistry               - Adding type registration imm_serializable -> org.hibernate.type.BasicTypeReference@512abf25
2024-04-24 17:50:26,184 [main] INFO  o.s.o.j.p.SpringPersistenceUnitInfo                - No LoadTimeWeaver setup: ignoring JPA class transformer
2024-04-24 17:50:26,227 [main] INFO  com.zaxxer.hikari.HikariDataSource                 - HikariPool-1 - Starting...
2024-04-24 17:50:26,739 [main] INFO  com.zaxxer.hikari.pool.HikariPool                  - HikariPool-1 - Added connection com.mysql.cj.jdbc.ConnectionImpl@5a466dd
2024-04-24 17:50:26,742 [main] INFO  com.zaxxer.hikari.HikariDataSource                 - HikariPool-1 - Start completed.
2024-04-24 17:50:26,830 [main] WARN  org.hibernate.orm.deprecation                      - HHH90000025: MySQLDialect does not need to be specified explicitly using 'hibernate.dialect' (remove the property setting and it will be selected by default)
2024-04-24 17:50:26,885 [main] DEBUG o.h.t.descriptor.sql.spi.DdlTypeRegistry           - addDescriptor(12, org.hibernate.type.descriptor.sql.internal.CapacityDependentDdlType@7aa3857b) replaced previous registration(org.hibernate.type.descriptor.sql.internal.CapacityDependentDdlType@500ec769)
2024-04-24 17:50:26,885 [main] DEBUG o.h.t.descriptor.sql.spi.DdlTypeRegistry           - addDescriptor(-9, org.hibernate.type.descriptor.sql.internal.CapacityDependentDdlType@37806be6) replaced previous registration(org.hibernate.type.descriptor.sql.internal.CapacityDependentDdlType@7bce9ce4)
2024-04-24 17:50:26,885 [main] DEBUG o.h.t.descriptor.sql.spi.DdlTypeRegistry           - addDescriptor(-3, org.hibernate.type.descriptor.sql.internal.CapacityDependentDdlType@1d2046bb) replaced previous registration(org.hibernate.type.descriptor.sql.internal.CapacityDependentDdlType@3b33fff9)
2024-04-24 17:50:26,885 [main] DEBUG o.h.t.descriptor.sql.spi.DdlTypeRegistry           - addDescriptor(4003, org.hibernate.type.descriptor.sql.internal.DdlTypeImpl@fd87c22) replaced previous registration(org.hibernate.type.descriptor.sql.internal.DdlTypeImpl@fee881)
2024-04-24 17:50:26,885 [main] DEBUG o.h.t.descriptor.sql.spi.DdlTypeRegistry           - addDescriptor(4001, org.hibernate.type.descriptor.sql.internal.DdlTypeImpl@1ff463bb) replaced previous registration(org.hibernate.type.descriptor.sql.internal.DdlTypeImpl@3b9c9b8b)
2024-04-24 17:50:26,885 [main] DEBUG o.h.t.descriptor.sql.spi.DdlTypeRegistry           - addDescriptor(4002, org.hibernate.type.descriptor.sql.internal.DdlTypeImpl@7769d9b6) replaced previous registration(org.hibernate.type.descriptor.sql.internal.DdlTypeImpl@248d3a)
2024-04-24 17:50:26,886 [main] DEBUG o.h.t.descriptor.sql.spi.DdlTypeRegistry           - addDescriptor(2004, org.hibernate.type.descriptor.sql.internal.CapacityDependentDdlType@3c71cf3e) replaced previous registration(org.hibernate.type.descriptor.sql.internal.DdlTypeImpl@636e4bf8)
2024-04-24 17:50:26,886 [main] DEBUG o.h.t.descriptor.sql.spi.DdlTypeRegistry           - addDescriptor(2005, org.hibernate.type.descriptor.sql.internal.CapacityDependentDdlType@5af38a4a) replaced previous registration(org.hibernate.type.descriptor.sql.internal.DdlTypeImpl@7e1a9173)
2024-04-24 17:50:26,886 [main] DEBUG o.h.t.descriptor.sql.spi.DdlTypeRegistry           - addDescriptor(2011, org.hibernate.type.descriptor.sql.internal.CapacityDependentDdlType@4ca0b9b1) replaced previous registration(org.hibernate.type.descriptor.sql.internal.DdlTypeImpl@5d800a56)
2024-04-24 17:50:26,888 [main] DEBUG o.h.t.d.jdbc.spi.JdbcTypeRegistry                  - addDescriptor(NCharTypeDescriptor) replaced previous registration(CharTypeDescriptor)
2024-04-24 17:50:26,888 [main] DEBUG o.h.t.d.jdbc.spi.JdbcTypeRegistry                  - addDescriptor(NVarcharTypeDescriptor) replaced previous registration(VarcharTypeDescriptor)
2024-04-24 17:50:26,888 [main] DEBUG o.h.t.d.jdbc.spi.JdbcTypeRegistry                  - addDescriptor(LongNVarcharTypeDescriptor) replaced previous registration(LongVarcharTypeDescriptor)
2024-04-24 17:50:26,891 [main] DEBUG o.h.t.d.jdbc.spi.JdbcTypeRegistry                  - addDescriptor(NClobTypeDescriptor(DEFAULT)) replaced previous registration(ClobTypeDescriptor(DEFAULT))
2024-04-24 17:50:26,891 [main] DEBUG o.h.t.d.jdbc.spi.JdbcTypeRegistry                  - addDescriptor(2005, ClobTypeDescriptor(STREAM_BINDING)) replaced previous registration(ClobTypeDescriptor(DEFAULT))
2024-04-24 17:50:26,895 [main] DEBUG org.hibernate.type.BasicTypeRegistry               - Adding type registration null -> org.hibernate.type.NullType@1acc873b
2024-04-24 17:50:26,895 [main] DEBUG org.hibernate.type.BasicTypeRegistry               - Type registration key [null] overrode previous entry : `org.hibernate.type.NullType@463afa6e`
2024-04-24 17:50:26,902 [main] DEBUG org.hibernate.type.BasicTypeRegistry               - Adding type registration org.hibernate.type.DurationType -> basicType@1(java.time.Duration,3015)
2024-04-24 17:50:26,903 [main] DEBUG org.hibernate.type.BasicTypeRegistry               - Adding type registration Duration -> basicType@1(java.time.Duration,3015)
2024-04-24 17:50:26,903 [main] DEBUG org.hibernate.type.BasicTypeRegistry               - Adding type registration java.time.Duration -> basicType@1(java.time.Duration,3015)
2024-04-24 17:50:26,908 [main] DEBUG org.hibernate.type.BasicTypeRegistry               - Adding type registration org.hibernate.type.OffsetDateTimeType -> basicType@2(java.time.OffsetDateTime,3003)
2024-04-24 17:50:26,909 [main] DEBUG org.hibernate.type.BasicTypeRegistry               - Adding type registration OffsetDateTime -> basicType@2(java.time.OffsetDateTime,3003)
2024-04-24 17:50:26,909 [main] DEBUG org.hibernate.type.BasicTypeRegistry               - Adding type registration java.time.OffsetDateTime -> basicType@2(java.time.OffsetDateTime,3003)
2024-04-24 17:50:26,909 [main] DEBUG org.hibernate.type.BasicTypeRegistry               - Adding type registration org.hibernate.type.ZonedDateTimeType -> basicType@3(java.time.ZonedDateTime,3003)
2024-04-24 17:50:26,911 [main] DEBUG org.hibernate.type.BasicTypeRegistry               - Adding type registration ZonedDateTime -> basicType@3(java.time.ZonedDateTime,3003)
2024-04-24 17:50:26,911 [main] DEBUG org.hibernate.type.BasicTypeRegistry               - Adding type registration java.time.ZonedDateTime -> basicType@3(java.time.ZonedDateTime,3003)
2024-04-24 17:50:26,913 [main] DEBUG org.hibernate.type.BasicTypeRegistry               - Adding type registration org.hibernate.type.OffsetTimeType -> basicType@4(java.time.OffsetTime,3007)
2024-04-24 17:50:26,914 [main] DEBUG org.hibernate.type.BasicTypeRegistry               - Adding type registration OffsetTime -> basicType@4(java.time.OffsetTime,3007)
2024-04-24 17:50:26,914 [main] DEBUG org.hibernate.type.BasicTypeRegistry               - Adding type registration java.time.OffsetTime -> basicType@4(java.time.OffsetTime,3007)
2024-04-24 17:50:26,917 [main] DEBUG o.h.type.spi.TypeConfiguration$Scope               - Scoping TypeConfiguration [org.hibernate.type.spi.TypeConfiguration@6fd9dbe6] to MetadataBuildingContext [org.hibernate.boot.internal.MetadataBuildingContextRootImpl@7b3085a3]
2024-04-24 17:50:28,241 [main] INFO  o.h.e.t.j.p.i.JtaPlatformInitiator                 - HHH000489: No JTA platform available (set 'hibernate.transaction.jta.platform' to enable JTA platform integration)
2024-04-24 17:50:28,241 [main] DEBUG o.h.type.spi.TypeConfiguration$Scope               - Scoping TypeConfiguration [org.hibernate.type.spi.TypeConfiguration@6fd9dbe6] to SessionFactoryImplementor [org.hibernate.internal.SessionFactoryImpl@7dfab58d]
2024-04-24 17:50:28,345 [main] TRACE o.h.type.spi.TypeConfiguration$Scope               - Handling #sessionFactoryCreated from [org.hibernate.internal.SessionFactoryImpl@7dfab58d] for TypeConfiguration
2024-04-24 17:50:28,345 [main] INFO  o.s.o.j.LocalContainerEntityManagerFactoryBean     - Initialized JPA EntityManagerFactory for persistence unit 'default'
2024-04-24 17:50:28,781 [main] INFO  o.s.d.j.r.query.QueryEnhancerFactory               - Hibernate is in classpath; If applicable, HQL parser will be used.
2024-04-24 17:50:29,133 [main] WARN  o.s.b.a.o.j.JpaBaseConfiguration$JpaWebConfiguration - spring.jpa.open-in-view is enabled by default. Therefore, database queries may be performed during view rendering. Explicitly configure spring.jpa.open-in-view to disable this warning
2024-04-24 17:50:29,643 [main] INFO  com.Rest.API.RestApiApplicationTests               - Started RestApiApplicationTests in 6.154 seconds (process running for 7.913)
2024-04-24 17:50:30,400 [SpringApplicationShutdownHook] INFO  o.s.o.j.LocalContainerEntityManagerFactoryBean     - Closing JPA EntityManagerFactory for persistence unit 'default'
2024-04-24 17:50:30,401 [SpringApplicationShutdownHook] TRACE o.h.type.spi.TypeConfiguration$Scope               - Handling #sessionFactoryClosed from [org.hibernate.internal.SessionFactoryImpl@7dfab58d] for TypeConfiguration
2024-04-24 17:50:30,401 [SpringApplicationShutdownHook] DEBUG o.h.type.spi.TypeConfiguration$Scope               - Un-scoping TypeConfiguration [org.hibernate.type.spi.TypeConfiguration$Scope@7f9af9d1] from SessionFactory [org.hibernate.internal.SessionFactoryImpl@7dfab58d]
2024-04-24 17:50:30,410 [SpringApplicationShutdownHook] INFO  com.zaxxer.hikari.HikariDataSource                 - HikariPool-1 - Shutdown initiated...
2024-04-24 17:50:30,433 [SpringApplicationShutdownHook] INFO  com.zaxxer.hikari.HikariDataSource                 - HikariPool-1 - Shutdown completed.
